<?xml version="1.0" encoding="UTF-8"?>
<!-- Generated by org.testng.reporters.JUnitReportReporter -->
<testsuite hostname="DESKTOP-QNHJ5Q7" failures="0" tests="3" name="Excecise1.Log4jExampleOnNOPCom" time="7.362" errors="0" timestamp="2022-11-03T01:58:25 PDT" skipped="0">
  <testcase classname="Excecise1.Log4jExampleOnNOPCom" name="verifyLogin" time="5.411"/>
  <system-out/>
  <testcase classname="Excecise1.Log4jExampleOnNOPCom" name="verifyAppTitle" time="0.798"/>
  <system-out/>
  <testcase classname="Excecise1.Log4jExampleOnNOPCom" name="verifyLogout" time="1.153"/>
  <system-out/>
</testsuite> <!-- Excecise1.Log4jExampleOnNOPCom -->
